#
# There is insufficient memory for the Java Runtime Environment to continue.
# Native memory allocation (mmap) failed to map 1048576 bytes. Error detail: G1 virtual space
# Possible reasons:
#   The system is out of physical RAM or swap space
#   This process is running with CompressedOops enabled, and the Java Heap may be blocking the growth of the native heap
# Possible solutions:
#   Reduce memory load on the system
#   Increase physical memory or swap space
#   Check if swap backing store is full
#   Decrease Java heap size (-Xmx/-Xms)
#   Decrease number of Java threads
#   Decrease Java thread stack sizes (-Xss)
#   Set larger code cache with -XX:ReservedCodeCacheSize=
#   JVM is running with Unscaled Compressed Oops mode in which the Java heap is
#     placed in the first 4GB address space. The Java Heap base address is the
#     maximum limit for the native heap growth. Please use -XX:HeapBaseMinAddress
#     to set the Java Heap base and to place the Java Heap above 4GB virtual address.
# This output file may be truncated or incomplete.
#
#  Out of Memory Error (os_windows.cpp:3707), pid=45548, tid=47332
#
# JRE version: Java(TM) SE Runtime Environment (23.0.2+7) (build 23.0.2+7-58)
# Java VM: Java HotSpot(TM) 64-Bit Server VM (23.0.2+7-58, mixed mode, sharing, tiered, compressed oops, compressed class ptrs, g1 gc, windows-amd64)
# No core dump will be written. Minidumps are not enabled by default on client versions of Windows
#

---------------  S U M M A R Y ------------

Command Line: --add-opens=java.base/java.lang=ALL-UNNAMED --add-opens=java.base/java.lang.invoke=ALL-UNNAMED --add-opens=java.base/java.util=ALL-UNNAMED --add-opens=java.prefs/java.util.prefs=ALL-UNNAMED --add-exports=jdk.compiler/com.sun.tools.javac.api=ALL-UNNAMED --add-exports=jdk.compiler/com.sun.tools.javac.util=ALL-UNNAMED --add-opens=java.base/java.util=ALL-UNNAMED --add-opens=java.prefs/java.util.prefs=ALL-UNNAMED --add-opens=java.base/java.nio.charset=ALL-UNNAMED --add-opens=java.base/java.net=ALL-UNNAMED --add-opens=java.base/java.util.concurrent.atomic=ALL-UNNAMED --add-opens=java.xml/javax.xml.namespace=ALL-UNNAMED -Xmx2048m -Dfile.encoding=UTF-8 -Duser.country=ZA -Duser.language=en -Duser.variant -javaagent:C:\Users\admin\.gradle\wrapper\dists\gradle-8.11.1-bin\bpt9gzteqjrbo1mjrsomdt32c\gradle-8.11.1\lib\agents\gradle-instrumentation-agent-8.11.1.jar org.gradle.launcher.daemon.bootstrap.GradleDaemon 8.11.1

Host: AMD Ryzen 5 7530U with Radeon Graphics         , 12 cores, 7G,  Windows 11 , 64 bit Build 22621 (10.0.22621.5262)
Time: Mon Apr 28 16:21:23 2025 South Africa Standard Time elapsed time: 41.547080 seconds (0d 0h 0m 41s)

---------------  T H R E A D  ---------------

Current thread (0x0000015165bd44c0):  WorkerThread "GC Thread#5"    [id=47332, stack(0x000000334df00000,0x000000334e000000) (1024K)]

Stack: [0x000000334df00000,0x000000334e000000]
Native frames: (J=compiled Java code, j=interpreted, Vv=VM code, C=native code)
V  [jvm.dll+0x6e0b99]  (no source info available)
V  [jvm.dll+0x87e2b3]  (no source info available)
V  [jvm.dll+0x88073e]  (no source info available)
V  [jvm.dll+0x880e13]  (no source info available)
V  [jvm.dll+0x27b006]  (no source info available)
V  [jvm.dll+0x6dd485]  (no source info available)
V  [jvm.dll+0x6d127a]  (no source info available)
V  [jvm.dll+0x35b50a]  (no source info available)
V  [jvm.dll+0x363916]  (no source info available)
V  [jvm.dll+0x34fb7b]  (no source info available)
V  [jvm.dll+0x350204]  (no source info available)
V  [jvm.dll+0x3502cd]  (no source info available)
V  [jvm.dll+0x32a1fc]  (no source info available)
V  [jvm.dll+0x329f6d]  (no source info available)
V  [jvm.dll+0x319305]  (no source info available)
V  [jvm.dll+0x3196d6]  (no source info available)
V  [jvm.dll+0x31a3e7]  (no source info available)
V  [jvm.dll+0x31a7b4]  (no source info available)
V  [jvm.dll+0x31a257]  (no source info available)
V  [jvm.dll+0x35d1e1]  (no source info available)
V  [jvm.dll+0x35d85e]  (no source info available)
V  [jvm.dll+0x35eb1f]  (no source info available)
V  [jvm.dll+0x35af1e]  (no source info available)
V  [jvm.dll+0x3685ea]  (no source info available)
V  [jvm.dll+0x36a2d9]  (no source info available)
V  [jvm.dll+0x368b4a]  (no source info available)
V  [jvm.dll+0x369f51]  (no source info available)
V  [jvm.dll+0x375273]  (no source info available)
V  [jvm.dll+0x37555b]  (no source info available)
V  [jvm.dll+0x8ae927]  (no source info available)
V  [jvm.dll+0x8254cb]  (no source info available)
V  [jvm.dll+0x6df345]  (no source info available)
C  [ucrtbase.dll+0x29333]  (no source info available)
C  [KERNEL32.DLL+0x1259d]  (no source info available)
C  [ntdll.dll+0x5af58]  (no source info available)


---------------  P R O C E S S  ---------------

Threads class SMR info:
_java_thread_list=0x00000151682eb000, length=32, elements={
0x0000015147fe0750, 0x000001516527be50, 0x0000015165280c80, 0x0000015165282410,
0x0000015165284080, 0x0000015165286bf0, 0x0000015165287780, 0x000001516528bc70,
0x000001516528c720, 0x00000151450d6090, 0x00000151452a0540, 0x00000151451eedc0,
0x0000015165d3a250, 0x00000151452fd910, 0x0000015165f3dfe0, 0x0000015165edf400,
0x0000015165d06a60, 0x0000015165d0be30, 0x0000015165d0cb50, 0x0000015165d0d1e0,
0x0000015165d0c4c0, 0x0000015165d0e590, 0x0000015165d0b7a0, 0x0000015165d0ec20,
0x000001516752f780, 0x000001516752d020, 0x00000151675287f0, 0x000001516752d6b0,
0x000001516752c300, 0x000001516752f0f0, 0x000001516752dd40, 0x000001516752fe10
}

Java Threads: ( => current thread )
  0x0000015147fe0750 JavaThread "main"                              [_thread_blocked, id=49172, stack(0x000000334c900000,0x000000334ca00000) (1024K)]
  0x000001516527be50 JavaThread "Reference Handler"          daemon [_thread_blocked, id=41424, stack(0x000000334d100000,0x000000334d200000) (1024K)]
  0x0000015165280c80 JavaThread "Finalizer"                  daemon [_thread_blocked, id=47864, stack(0x000000334d200000,0x000000334d300000) (1024K)]
  0x0000015165282410 JavaThread "Signal Dispatcher"          daemon [_thread_blocked, id=10472, stack(0x000000334d300000,0x000000334d400000) (1024K)]
  0x0000015165284080 JavaThread "Attach Listener"            daemon [_thread_blocked, id=31248, stack(0x000000334d400000,0x000000334d500000) (1024K)]
  0x0000015165286bf0 JavaThread "Service Thread"             daemon [_thread_blocked, id=34908, stack(0x000000334d500000,0x000000334d600000) (1024K)]
  0x0000015165287780 JavaThread "Monitor Deflation Thread"   daemon [_thread_blocked, id=25380, stack(0x000000334d600000,0x000000334d700000) (1024K)]
  0x000001516528bc70 JavaThread "C2 CompilerThread0"         daemon [_thread_blocked, id=41920, stack(0x000000334d700000,0x000000334d800000) (1024K)]
  0x000001516528c720 JavaThread "C1 CompilerThread0"         daemon [_thread_blocked, id=37656, stack(0x000000334d800000,0x000000334d900000) (1024K)]
  0x00000151450d6090 JavaThread "Common-Cleaner"             daemon [_thread_blocked, id=1328, stack(0x000000334d900000,0x000000334da00000) (1024K)]
  0x00000151452a0540 JavaThread "Notification Thread"        daemon [_thread_blocked, id=21584, stack(0x000000334da00000,0x000000334db00000) (1024K)]
  0x00000151451eedc0 JavaThread "Daemon health stats"               [_thread_blocked, id=26344, stack(0x000000334e000000,0x000000334e100000) (1024K)]
  0x0000015165d3a250 JavaThread "Incoming local TCP Connector on port 45361"        [_thread_in_native, id=20100, stack(0x000000334e100000,0x000000334e200000) (1024K)]
  0x00000151452fd910 JavaThread "Daemon periodic checks"            [_thread_blocked, id=3112, stack(0x000000334e200000,0x000000334e300000) (1024K)]
  0x0000015165f3dfe0 JavaThread "Daemon"                            [_thread_blocked, id=31704, stack(0x000000334e300000,0x000000334e400000) (1024K)]
  0x0000015165edf400 JavaThread "Handler for socket connection from /127.0.0.1:45361 to /127.0.0.1:45362"        [_thread_in_native, id=38416, stack(0x000000334e400000,0x000000334e500000) (1024K)]
  0x0000015165d06a60 JavaThread "Cancel handler"                    [_thread_blocked, id=47432, stack(0x000000334e500000,0x000000334e600000) (1024K)]
  0x0000015165d0be30 JavaThread "Daemon worker"                     [_thread_blocked, id=33988, stack(0x000000334e600000,0x000000334e700000) (1024K)]
  0x0000015165d0cb50 JavaThread "Asynchronous log dispatcher for DefaultDaemonConnection: socket connection from /127.0.0.1:45361 to /127.0.0.1:45362"        [_thread_blocked, id=32336, stack(0x000000334e700000,0x000000334e800000) (1024K)]
  0x0000015165d0d1e0 JavaThread "Stdin handler"                     [_thread_blocked, id=49676, stack(0x000000334e800000,0x000000334e900000) (1024K)]
  0x0000015165d0c4c0 JavaThread "Daemon client event forwarder"        [_thread_blocked, id=29000, stack(0x000000334e900000,0x000000334ea00000) (1024K)]
  0x0000015165d0e590 JavaThread "Cache worker for journal cache (C:\Users\admin\.gradle\caches\journal-1)"        [_thread_blocked, id=12324, stack(0x000000334ee00000,0x000000334ef00000) (1024K)]
  0x0000015165d0b7a0 JavaThread "File lock request listener"        [_thread_in_native, id=44884, stack(0x000000334ef00000,0x000000334f000000) (1024K)]
  0x0000015165d0ec20 JavaThread "Cache worker for file hash cache (C:\Users\admin\.gradle\caches\8.11.1\fileHashes)"        [_thread_blocked, id=4688, stack(0x000000334f000000,0x000000334f100000) (1024K)]
  0x000001516752f780 JavaThread "Cache worker for file content cache (C:\Users\admin\.gradle\caches\8.11.1\fileContent)"        [_thread_blocked, id=51296, stack(0x000000334f100000,0x000000334f200000) (1024K)]
  0x000001516752d020 JavaThread "Cache worker for file hash cache (C:\Users\admin\AndroidStudioProjects\FINE DINE WORKING\.gradle\8.11.1\fileHashes)"        [_thread_blocked, id=31332, stack(0x000000334f400000,0x000000334f500000) (1024K)]
  0x00000151675287f0 JavaThread "Cache worker for Build Output Cleanup Cache (C:\Users\admin\AndroidStudioProjects\FINE DINE WORKING\.gradle\buildOutputCleanup)"        [_thread_blocked, id=25092, stack(0x000000334f500000,0x000000334f600000) (1024K)]
  0x000001516752d6b0 JavaThread "File watcher server"        daemon [_thread_in_native, id=16180, stack(0x000000334f600000,0x000000334f700000) (1024K)]
  0x000001516752c300 JavaThread "File watcher consumer"      daemon [_thread_blocked, id=27868, stack(0x000000334f700000,0x000000334f800000) (1024K)]
  0x000001516752f0f0 JavaThread "Cache worker for checksums cache (C:\Users\admin\AndroidStudioProjects\FINE DINE WORKING\.gradle\8.11.1\checksums)"        [_thread_blocked, id=10676, stack(0x000000334f800000,0x000000334f900000) (1024K)]
  0x000001516752dd40 JavaThread "Cache worker for cache directory md-rule (C:\Users\admin\.gradle\caches\8.11.1\md-rule)"        [_thread_blocked, id=46124, stack(0x000000334f900000,0x000000334fa00000) (1024K)]
  0x000001516752fe10 JavaThread "Cache worker for cache directory md-supplier (C:\Users\admin\.gradle\caches\8.11.1\md-supplier)"        [_thread_blocked, id=36628, stack(0x000000334fa00000,0x000000334fb00000) (1024K)]
Total: 32

Other Threads:
  0x00000151652636f0 VMThread "VM Thread"                           [id=31072, stack(0x000000334d000000,0x000000334d100000) (1024K)]
  0x0000015165251a10 WatcherThread "VM Periodic Task Thread"        [id=35712, stack(0x000000334cf00000,0x000000334d000000) (1024K)]
  0x0000015148038df0 WorkerThread "GC Thread#0"                     [id=30476, stack(0x000000334ca00000,0x000000334cb00000) (1024K)]
  0x000001516569dc80 WorkerThread "GC Thread#1"                     [id=25928, stack(0x000000334db00000,0x000000334dc00000) (1024K)]
  0x00000151657cb980 WorkerThread "GC Thread#2"                     [id=18468, stack(0x000000334dc00000,0x000000334dd00000) (1024K)]
  0x00000151657cbd30 WorkerThread "GC Thread#3"                     [id=27124, stack(0x000000334dd00000,0x000000334de00000) (1024K)]
  0x0000015165bd4110 WorkerThread "GC Thread#4"                     [id=15448, stack(0x000000334de00000,0x000000334df00000) (1024K)]
=>0x0000015165bd44c0 WorkerThread "GC Thread#5"                     [id=47332, stack(0x000000334df00000,0x000000334e000000) (1024K)]
  0x000001516693a2c0 WorkerThread "GC Thread#6"                     [id=49140, stack(0x000000334ea00000,0x000000334eb00000) (1024K)]
  0x000001516693aa20 WorkerThread "GC Thread#7"                     [id=42144, stack(0x000000334eb00000,0x000000334ec00000) (1024K)]
  0x0000015165fe7e20 WorkerThread "GC Thread#8"                     [id=39384, stack(0x000000334ec00000,0x000000334ed00000) (1024K)]
  0x0000015165fe97f0 WorkerThread "GC Thread#9"                     [id=51168, stack(0x000000334ed00000,0x000000334ee00000) (1024K)]
  0x000001514804e790 ConcurrentGCThread "G1 Main Marker"            [id=46300, stack(0x000000334cb00000,0x000000334cc00000) (1024K)]
  0x000001514804fab0 WorkerThread "G1 Conc#0"                       [id=4908, stack(0x000000334cc00000,0x000000334cd00000) (1024K)]
  0x0000015165fe6450 WorkerThread "G1 Conc#1"                       [id=4044, stack(0x000000334f200000,0x000000334f300000) (1024K)]
  0x0000015165fe6800 WorkerThread "G1 Conc#2"                       [id=35168, stack(0x000000334f300000,0x000000334f400000) (1024K)]
  0x000001514809e5e0 ConcurrentGCThread "G1 Refine#0"               [id=7636, stack(0x000000334cd00000,0x000000334ce00000) (1024K)]
  0x00000151651233f0 ConcurrentGCThread "G1 Service"                [id=31932, stack(0x000000334ce00000,0x000000334cf00000) (1024K)]
Total: 18

Threads with active compile tasks:
Total: 0

VM state: at safepoint (normal execution)

VM Mutex/Monitor currently owned by a thread:  ([mutex/lock_event])
[0x00007ffcddfc2388] FreeList_lock - owner thread: 0x0000015165bd44c0
[0x00007ffcddfc4888] Threads_lock - owner thread: 0x00000151652636f0
[0x00007ffcddfc4988] Heap_lock - owner thread: 0x0000015165d0be30

Heap address: 0x0000000080000000, size: 2048 MB, Compressed Oops mode: 32-bit

CDS archive(s) mapped at: [0x0000015100000000-0x0000015100d70000-0x0000015100d70000), size 14090240, SharedBaseAddress: 0x0000015100000000, ArchiveRelocationMode: 1.
Compressed class space mapped at: 0x0000015101000000-0x0000015141000000, reserved size: 1073741824
Narrow klass base: 0x0000015100000000, Narrow klass shift: 0, Narrow klass range: 0x41000000

GC Precious Log:
 CardTable entry size: 512
 Card Set container configuration: InlinePtr #cards 5 size 8 Array Of Cards #cards 10 size 36 Howl #buckets 4 coarsen threshold 1843 Howl Bitmap #cards 512 size 80 coarsen threshold 460 Card regions per heap region 1 cards per card region 2048
 CPUs: 12 total, 12 available
 Memory: 7489M
 Large Page Support: Disabled
 NUMA Support: Disabled
 Compressed Oops: Enabled (32-bit)
 Heap Region Size: 1M
 Heap Min Capacity: 8M
 Heap Initial Capacity: 118M
 Heap Max Capacity: 2G
 Pre-touch: Disabled
 Parallel Workers: 10
 Concurrent Workers: 3
 Concurrent Refinement Workers: 10
 Periodic GC: Disabled

Heap:
 garbage-first heap   total reserved 2097152K, committed 110592K, used 97659K [0x0000000080000000, 0x0000000100000000)
  region size 1024K, 56 young (57344K), 7 survivors (7168K)
 Metaspace       used 57147K, committed 58560K, reserved 1114112K
  class space    used 8411K, committed 9088K, reserved 1048576K

Heap Regions: E=young(eden), S=young(survivor), O=old, HS=humongous(starts), HC=humongous(continues), CS=collection set, F=free, TAMS=top-at-mark-start, PB=parsable bottom
|   0|0x0000000080000000, 0x0000000080100000, 0x0000000080100000|100%| O|  |TAMS 0x0000000080000000| PB 0x0000000080000000| Untracked |  0
|   1|0x0000000080100000, 0x0000000080200000, 0x0000000080200000|100%| O|  |TAMS 0x0000000080100000| PB 0x0000000080100000| Untracked |  0
|   2|0x0000000080200000, 0x0000000080300000, 0x0000000080300000|100%|HS|  |TAMS 0x0000000080200000| PB 0x0000000080200000| Complete |  0
|   3|0x0000000080300000, 0x0000000080400000, 0x0000000080400000|100%|HC|  |TAMS 0x0000000080300000| PB 0x0000000080300000| Complete |  0
|   4|0x0000000080400000, 0x0000000080500000, 0x0000000080500000|100%|HC|  |TAMS 0x0000000080400000| PB 0x0000000080400000| Complete |  0
|   5|0x0000000080500000, 0x0000000080600000, 0x0000000080600000|100%| O|  |TAMS 0x0000000080500000| PB 0x0000000080500000| Untracked |  0
|   6|0x0000000080600000, 0x0000000080700000, 0x0000000080700000|100%| O|  |TAMS 0x0000000080600000| PB 0x0000000080600000| Untracked |  0
|   7|0x0000000080700000, 0x0000000080800000, 0x0000000080800000|100%| O|  |TAMS 0x0000000080700000| PB 0x0000000080700000| Untracked |  0
|   8|0x0000000080800000, 0x0000000080900000, 0x0000000080900000|100%| O|  |TAMS 0x0000000080800000| PB 0x0000000080800000| Untracked |  0
|   9|0x0000000080900000, 0x0000000080a00000, 0x0000000080a00000|100%| O|  |TAMS 0x0000000080900000| PB 0x0000000080900000| Untracked |  0
|  10|0x0000000080a00000, 0x0000000080b00000, 0x0000000080b00000|100%| O|  |TAMS 0x0000000080a00000| PB 0x0000000080a00000| Untracked |  0
|  11|0x0000000080b00000, 0x0000000080c00000, 0x0000000080c00000|100%| O|  |TAMS 0x0000000080b00000| PB 0x0000000080b00000| Untracked |  0
|  12|0x0000000080c00000, 0x0000000080d00000, 0x0000000080d00000|100%|HS|  |TAMS 0x0000000080c00000| PB 0x0000000080c00000| Complete |  0
|  13|0x0000000080d00000, 0x0000000080e00000, 0x0000000080e00000|100%| O|  |TAMS 0x0000000080d00000| PB 0x0000000080d00000| Untracked |  0
|  14|0x0000000080e00000, 0x0000000080f00000, 0x0000000080f00000|100%| O|  |TAMS 0x0000000080e00000| PB 0x0000000080e00000| Untracked |  0
|  15|0x0000000080f00000, 0x0000000081000000, 0x0000000081000000|100%| O|  |TAMS 0x0000000080f00000| PB 0x0000000080f00000| Untracked |  0
|  16|0x0000000081000000, 0x0000000081100000, 0x0000000081100000|100%| O|  |TAMS 0x0000000081000000| PB 0x0000000081000000| Untracked |  0
|  17|0x0000000081100000, 0x0000000081200000, 0x0000000081200000|100%| O|  |TAMS 0x0000000081100000| PB 0x0000000081100000| Untracked |  0
|  18|0x0000000081200000, 0x0000000081300000, 0x0000000081300000|100%| O|  |TAMS 0x0000000081200000| PB 0x0000000081200000| Untracked |  0
|  19|0x0000000081300000, 0x0000000081400000, 0x0000000081400000|100%| O|  |TAMS 0x0000000081300000| PB 0x0000000081300000| Untracked |  0
|  20|0x0000000081400000, 0x00000000814f3fc0, 0x0000000081500000| 95%| O|  |TAMS 0x0000000081400000| PB 0x0000000081400000| Untracked |  0
|  21|0x0000000081500000, 0x0000000081600000, 0x0000000081600000|100%| O|  |TAMS 0x0000000081500000| PB 0x0000000081500000| Untracked |  0
|  22|0x0000000081600000, 0x0000000081700000, 0x0000000081700000|100%| O|  |TAMS 0x0000000081600000| PB 0x0000000081600000| Untracked |  0
|  23|0x0000000081700000, 0x0000000081800000, 0x0000000081800000|100%| O|  |TAMS 0x0000000081700000| PB 0x0000000081700000| Untracked |  0
|  24|0x0000000081800000, 0x0000000081900000, 0x0000000081900000|100%| O|  |TAMS 0x0000000081800000| PB 0x0000000081800000| Untracked |  0
|  25|0x0000000081900000, 0x0000000081a00000, 0x0000000081a00000|100%| O|  |TAMS 0x0000000081900000| PB 0x0000000081900000| Untracked |  0
|  26|0x0000000081a00000, 0x0000000081b00000, 0x0000000081b00000|100%| O|  |TAMS 0x0000000081a00000| PB 0x0000000081a00000| Untracked |  0
|  27|0x0000000081b00000, 0x0000000081c00000, 0x0000000081c00000|100%| O|  |TAMS 0x0000000081b00000| PB 0x0000000081b00000| Untracked |  0
|  28|0x0000000081c00000, 0x0000000081d00000, 0x0000000081d00000|100%| O|  |TAMS 0x0000000081c00000| PB 0x0000000081c00000| Untracked |  0
|  29|0x0000000081d00000, 0x0000000081e00000, 0x0000000081e00000|100%| O|  |TAMS 0x0000000081d00000| PB 0x0000000081d00000| Untracked |  0
|  30|0x0000000081e00000, 0x0000000081f00000, 0x0000000081f00000|100%| O|  |TAMS 0x0000000081e00000| PB 0x0000000081e00000| Untracked |  0
|  31|0x0000000081f00000, 0x0000000082000000, 0x0000000082000000|100%| O|  |TAMS 0x0000000081f00000| PB 0x0000000081f00000| Untracked |  0
|  32|0x0000000082000000, 0x0000000082100000, 0x0000000082100000|100%|HS|  |TAMS 0x0000000082000000| PB 0x0000000082000000| Complete |  0
|  33|0x0000000082100000, 0x0000000082200000, 0x0000000082200000|100%|HS|  |TAMS 0x0000000082100000| PB 0x0000000082100000| Complete |  0
|  34|0x0000000082200000, 0x0000000082300000, 0x0000000082300000|100%| O|  |TAMS 0x0000000082200000| PB 0x0000000082200000| Untracked |  0
|  35|0x0000000082300000, 0x0000000082400000, 0x0000000082400000|100%| O|  |TAMS 0x0000000082300000| PB 0x0000000082300000| Untracked |  0
|  36|0x0000000082400000, 0x0000000082500000, 0x0000000082500000|100%| O|  |TAMS 0x0000000082400000| PB 0x0000000082400000| Untracked |  0
|  37|0x0000000082500000, 0x0000000082600000, 0x0000000082600000|100%|HS|  |TAMS 0x0000000082500000| PB 0x0000000082500000| Complete |  0
|  38|0x0000000082600000, 0x0000000082700000, 0x0000000082700000|100%|HC|  |TAMS 0x0000000082600000| PB 0x0000000082600000| Complete |  0
|  39|0x0000000082700000, 0x0000000082800000, 0x0000000082800000|100%|HC|  |TAMS 0x0000000082700000| PB 0x0000000082700000| Complete |  0
|  40|0x0000000082800000, 0x0000000082900000, 0x0000000082900000|100%|HC|  |TAMS 0x0000000082800000| PB 0x0000000082800000| Complete |  0
|  41|0x0000000082900000, 0x0000000082a00000, 0x0000000082a00000|100%|HC|  |TAMS 0x0000000082900000| PB 0x0000000082900000| Complete |  0
|  42|0x0000000082a00000, 0x0000000082b00000, 0x0000000082b00000|100%|HC|  |TAMS 0x0000000082a00000| PB 0x0000000082a00000| Complete |  0
|  43|0x0000000082b00000, 0x0000000082c00000, 0x0000000082c00000|100%| S|  |TAMS 0x0000000082b00000| PB 0x0000000082b00000| Complete |  0
|  44|0x0000000082c00000, 0x0000000082d00000, 0x0000000082d00000|100%| S|  |TAMS 0x0000000082c00000| PB 0x0000000082c00000| Complete |  0
|  45|0x0000000082d00000, 0x0000000082e00000, 0x0000000082e00000|100%| S|  |TAMS 0x0000000082d00000| PB 0x0000000082d00000| Complete |  0
|  46|0x0000000082e00000, 0x0000000082f00000, 0x0000000082f00000|100%| S|  |TAMS 0x0000000082e00000| PB 0x0000000082e00000| Complete |  0
|  47|0x0000000082f00000, 0x0000000083000000, 0x0000000083000000|100%| S|  |TAMS 0x0000000082f00000| PB 0x0000000082f00000| Complete |  0
|  48|0x0000000083000000, 0x0000000083100000, 0x0000000083100000|100%| E|CS|TAMS 0x0000000083000000| PB 0x0000000083000000| Complete |  0
|  49|0x0000000083100000, 0x00000000831a6d58, 0x0000000083200000| 65%| E|CS|TAMS 0x0000000083100000| PB 0x0000000083100000| Complete |  0
|  50|0x0000000083200000, 0x0000000083300000, 0x0000000083300000|100%| E|CS|TAMS 0x0000000083200000| PB 0x0000000083200000| Complete |  0
|  51|0x0000000083300000, 0x0000000083400000, 0x0000000083400000|100%| E|CS|TAMS 0x0000000083300000| PB 0x0000000083300000| Complete |  0
|  52|0x0000000083400000, 0x0000000083500000, 0x0000000083500000|100%| E|CS|TAMS 0x0000000083400000| PB 0x0000000083400000| Complete |  0
|  53|0x0000000083500000, 0x0000000083600000, 0x0000000083600000|100%| E|CS|TAMS 0x0000000083500000| PB 0x0000000083500000| Complete |  0
|  54|0x0000000083600000, 0x0000000083700000, 0x0000000083700000|100%| E|CS|TAMS 0x0000000083600000| PB 0x0000000083600000| Complete |  0
|  55|0x0000000083700000, 0x0000000083800000, 0x0000000083800000|100%| E|CS|TAMS 0x0000000083700000| PB 0x0000000083700000| Complete |  0
|  56|0x0000000083800000, 0x0000000083900000, 0x0000000083900000|100%| E|CS|TAMS 0x0000000083800000| PB 0x0000000083800000| Complete |  0
|  57|0x0000000083900000, 0x0000000083a00000, 0x0000000083a00000|100%| E|CS|TAMS 0x0000000083900000| PB 0x0000000083900000| Complete |  0
|  58|0x0000000083a00000, 0x0000000083b00000, 0x0000000083b00000|100%| E|CS|TAMS 0x0000000083a00000| PB 0x0000000083a00000| Complete |  0
|  59|0x0000000083b00000, 0x0000000083c00000, 0x0000000083c00000|100%| E|CS|TAMS 0x0000000083b00000| PB 0x0000000083b00000| Complete |  0
|  60|0x0000000083c00000, 0x0000000083d00000, 0x0000000083d00000|100%| E|CS|TAMS 0x0000000083c00000| PB 0x0000000083c00000| Complete |  0
|  61|0x0000000083d00000, 0x0000000083e00000, 0x0000000083e00000|100%| E|CS|TAMS 0x0000000083d00000| PB 0x0000000083d00000| Complete |  0
|  62|0x0000000083e00000, 0x0000000083f00000, 0x0000000083f00000|100%| E|CS|TAMS 0x0000000083e00000| PB 0x0000000083e00000| Complete |  0
|  63|0x0000000083f00000, 0x0000000084000000, 0x0000000084000000|100%| E|CS|TAMS 0x0000000083f00000| PB 0x0000000083f00000| Complete |  0
|  64|0x0000000084000000, 0x0000000084100000, 0x0000000084100000|100%| E|CS|TAMS 0x0000000084000000| PB 0x0000000084000000| Complete |  0
|  65|0x0000000084100000, 0x0000000084200000, 0x0000000084200000|100%| E|CS|TAMS 0x0000000084100000| PB 0x0000000084100000| Complete |  0
|  66|0x0000000084200000, 0x0000000084300000, 0x0000000084300000|100%| E|CS|TAMS 0x0000000084200000| PB 0x0000000084200000| Complete |  0
|  67|0x0000000084300000, 0x0000000084400000, 0x0000000084400000|100%| E|CS|TAMS 0x0000000084300000| PB 0x0000000084300000| Complete |  0
|  68|0x0000000084400000, 0x0000000084500000, 0x0000000084500000|100%| E|CS|TAMS 0x0000000084400000| PB 0x0000000084400000| Complete |  0
|  69|0x0000000084500000, 0x0000000084600000, 0x0000000084600000|100%| E|CS|TAMS 0x0000000084500000| PB 0x0000000084500000| Complete |  0
|  70|0x0000000084600000, 0x0000000084700000, 0x0000000084700000|100%| E|CS|TAMS 0x0000000084600000| PB 0x0000000084600000| Complete |  0
|  71|0x0000000084700000, 0x0000000084800000, 0x0000000084800000|100%| E|CS|TAMS 0x0000000084700000| PB 0x0000000084700000| Complete |  0
|  72|0x0000000084800000, 0x0000000084900000, 0x0000000084900000|100%| E|CS|TAMS 0x0000000084800000| PB 0x0000000084800000| Complete |  0
|  73|0x0000000084900000, 0x0000000084a00000, 0x0000000084a00000|100%| E|CS|TAMS 0x0000000084900000| PB 0x0000000084900000| Complete |  0
|  74|0x0000000084a00000, 0x0000000084b00000, 0x0000000084b00000|100%| E|CS|TAMS 0x0000000084a00000| PB 0x0000000084a00000| Complete |  0
|  75|0x0000000084b00000, 0x0000000084c00000, 0x0000000084c00000|100%| E|CS|TAMS 0x0000000084b00000| PB 0x0000000084b00000| Complete |  0
|  76|0x0000000084c00000, 0x0000000084d00000, 0x0000000084d00000|100%| E|CS|TAMS 0x0000000084c00000| PB 0x0000000084c00000| Complete |  0
|  77|0x0000000084d00000, 0x0000000084e00000, 0x0000000084e00000|100%| E|CS|TAMS 0x0000000084d00000| PB 0x0000000084d00000| Complete |  0
|  78|0x0000000084e00000, 0x0000000084f00000, 0x0000000084f00000|100%| E|CS|TAMS 0x0000000084e00000| PB 0x0000000084e00000| Complete |  0
|  79|0x0000000084f00000, 0x0000000085000000, 0x0000000085000000|100%| E|CS|TAMS 0x0000000084f00000| PB 0x0000000084f00000| Complete |  0
|  80|0x0000000085000000, 0x0000000085100000, 0x0000000085100000|100%| E|CS|TAMS 0x0000000085000000| PB 0x0000000085000000| Complete |  0
|  81|0x0000000085100000, 0x0000000085200000, 0x0000000085200000|100%| E|CS|TAMS 0x0000000085100000| PB 0x0000000085100000| Complete |  0
|  82|0x0000000085200000, 0x0000000085300000, 0x0000000085300000|100%| E|CS|TAMS 0x0000000085200000| PB 0x0000000085200000| Complete |  0
|  83|0x0000000085300000, 0x0000000085400000, 0x0000000085400000|100%| E|CS|TAMS 0x0000000085300000| PB 0x0000000085300000| Complete |  0
|  84|0x0000000085400000, 0x0000000085500000, 0x0000000085500000|100%| E|CS|TAMS 0x0000000085400000| PB 0x0000000085400000| Complete |  0
|  85|0x0000000085500000, 0x0000000085600000, 0x0000000085600000|100%| E|CS|TAMS 0x0000000085500000| PB 0x0000000085500000| Complete |  0
|  86|0x0000000085600000, 0x0000000085700000, 0x0000000085700000|100%| E|CS|TAMS 0x0000000085600000| PB 0x0000000085600000| Complete |  0
|  87|0x0000000085700000, 0x0000000085800000, 0x0000000085800000|100%| E|CS|TAMS 0x0000000085700000| PB 0x0000000085700000| Complete |  0
|  88|0x0000000085800000, 0x0000000085900000, 0x0000000085900000|100%| E|CS|TAMS 0x0000000085800000| PB 0x0000000085800000| Complete |  0
|  89|0x0000000085900000, 0x0000000085a00000, 0x0000000085a00000|100%| E|CS|TAMS 0x0000000085900000| PB 0x0000000085900000| Complete |  0
|  90|0x0000000085a00000, 0x0000000085b00000, 0x0000000085b00000|100%| E|CS|TAMS 0x0000000085a00000| PB 0x0000000085a00000| Complete |  0
|  91|0x0000000085b00000, 0x0000000085c00000, 0x0000000085c00000|100%| E|CS|TAMS 0x0000000085b00000| PB 0x0000000085b00000| Complete |  0
|  92|0x0000000085c00000, 0x0000000085d00000, 0x0000000085d00000|100%| E|CS|TAMS 0x0000000085c00000| PB 0x0000000085c00000| Complete |  0
|  93|0x0000000085d00000, 0x0000000085e00000, 0x0000000085e00000|100%| E|CS|TAMS 0x0000000085d00000| PB 0x0000000085d00000| Complete |  0
|  94|0x0000000085e00000, 0x0000000085f00000, 0x0000000085f00000|100%| E|CS|TAMS 0x0000000085e00000| PB 0x0000000085e00000| Complete |  0
|  95|0x0000000085f00000, 0x0000000086000000, 0x0000000086000000|100%| E|CS|TAMS 0x0000000085f00000| PB 0x0000000085f00000| Complete |  0
|  96|0x0000000086000000, 0x0000000086100000, 0x0000000086100000|100%| S|  |TAMS 0x0000000086000000| PB 0x0000000086000000| Complete |  0
|  97|0x0000000086100000, 0x0000000086200000, 0x0000000086200000|100%| S|  |TAMS 0x0000000086100000| PB 0x0000000086100000| Complete |  0
|  99|0x0000000086300000, 0x0000000086400000, 0x0000000086400000|100%| E|CS|TAMS 0x0000000086300000| PB 0x0000000086300000| Complete |  0
| 100|0x0000000086400000, 0x0000000086500000, 0x0000000086500000|100%| E|CS|TAMS 0x0000000086400000| PB 0x0000000086400000| Complete |  0
| 101|0x0000000086500000, 0x0000000086600000, 0x0000000086600000|100%| E|CS|TAMS 0x0000000086500000| PB 0x0000000086500000| Complete |  0
| 102|0x0000000086600000, 0x0000000086700000, 0x0000000086700000|100%| E|CS|TAMS 0x0000000086600000| PB 0x0000000086600000| Complete |  0
| 117|0x0000000087500000, 0x0000000087600000, 0x0000000087600000|100%| E|CS|TAMS 0x0000000087500000| PB 0x0000000087500000| Complete |  0
|2043|0x00000000ffb00000, 0x00000000ffc00000, 0x00000000ffc00000|100%| O|  |TAMS 0x00000000ffb00000| PB 0x00000000ffb00000| Untracked |  0
|2044|0x00000000ffc00000, 0x00000000ffd00000, 0x00000000ffd00000|100%| O|  |TAMS 0x00000000ffc00000| PB 0x00000000ffc00000| Untracked |  0
|2045|0x00000000ffd00000, 0x00000000ffe00000, 0x00000000ffe00000|100%| O|  |TAMS 0x00000000ffd00000| PB 0x00000000ffd00000| Untracked |  0
|2046|0x00000000ffe00000, 0x00000000fff00000, 0x00000000fff00000|100%| O|  |TAMS 0x00000000ffe00000| PB 0x00000000ffe00000| Untracked |  0
|2047|0x00000000fff00000, 0x0000000100000000, 0x0000000100000000|100%| O|  |TAMS 0x00000000fff00000| PB 0x00000000fff00000| Untracked |  0

Card table byte_map: [0x0000015160190000,0x0000015160590000] _byte_map_base: 0x000001515fd90000

Marking Bits: (CMBitMap*) 0x0000015148039500
 Bits: [0x0000015160590000, 0x0000015162590000)

Polling page: 0x0000015145e40000

Metaspace:

Usage:
  Non-class:     47.59 MB used.
      Class:      8.21 MB used.
       Both:     55.81 MB used.

Virtual space:
  Non-class space:       64.00 MB reserved,      48.31 MB ( 75%) committed,  1 nodes.
      Class space:        1.00 GB reserved,       8.88 MB ( <1%) committed,  1 nodes.
             Both:        1.06 GB reserved,      57.19 MB (  5%) committed. 

Chunk freelists:
   Non-Class:  15.38 MB
       Class:  6.95 MB
        Both:  22.33 MB

MaxMetaspaceSize: unlimited
CompressedClassSpaceSize: 1.00 GB
Initial GC threshold: 21.00 MB
Current GC threshold: 58.69 MB
CDS: on
 - commit_granule_bytes: 65536.
 - commit_granule_words: 8192.
 - virtual_space_node_default_size: 8388608.
 - enlarge_chunks_in_place: 1.
 - use_allocation_guard: 0.


Internal statistics:

num_allocs_failed_limit: 6.
num_arena_births: 2444.
num_arena_deaths: 0.
num_vsnodes_births: 2.
num_vsnodes_deaths: 0.
num_space_committed: 914.
num_space_uncommitted: 0.
num_chunks_returned_to_freelist: 6.
num_chunks_taken_from_freelist: 4676.
num_chunk_merges: 3.
num_chunk_splits: 3249.
num_chunks_enlarged: 2267.
num_inconsistent_stats: 0.

CodeHeap 'non-profiled nmethods': size=120064Kb used=2216Kb max_used=2216Kb free=117847Kb
 bounds [0x00000151581e0000, 0x0000015158450000, 0x000001515f720000]
CodeHeap 'profiled nmethods': size=120000Kb used=7217Kb max_used=7217Kb free=112782Kb
 bounds [0x0000015150720000, 0x0000015150e30000, 0x0000015157c50000]
CodeHeap 'non-nmethods': size=5696Kb used=2021Kb max_used=2047Kb free=3674Kb
 bounds [0x0000015157c50000, 0x0000015157ec0000, 0x00000151581e0000]
CodeCache: size=245760Kb, used=11454Kb, max_used=11480Kb, free=234303Kb
 total_blobs=5666, nmethods=4874, adapters=696, full_count=0
Compilation: enabled, stopped_count=0, restarted_count=0

Compilation events (20 events):
Event: 40.815 Thread 0x000001516528c720 nmethod 5400 0x0000015150e28e88 code [0x0000015150e28fc0, 0x0000015150e29168]
Event: 40.816 Thread 0x000001516528c720 5401   !   3       jdk.internal.loader.BuiltinClassLoader::loadClassOrNull (143 bytes)
Event: 40.817 Thread 0x000001516528c720 nmethod 5401 0x0000015150e29188 code [0x0000015150e293e0, 0x0000015150e2a358]
Event: 40.818 Thread 0x000001516528bc70 nmethod 5362 0x0000015158408588 code [0x00000151584086c0, 0x0000015158408be0]
Event: 40.818 Thread 0x000001516528bc70 5402       4       java.lang.String::getBytes (44 bytes)
Event: 40.820 Thread 0x000001516528bc70 nmethod 5402 0x0000015158408c88 code [0x0000015158408da0, 0x0000015158408fe0]
Event: 40.820 Thread 0x000001516528c720 5403       3       jdk.internal.loader.BuiltinClassLoader::findLoadedModule (33 bytes)
Event: 40.821 Thread 0x000001516528c720 nmethod 5403 0x0000015150e2a408 code [0x0000015150e2a5a0, 0x0000015150e2abb8]
Event: 40.823 Thread 0x000001516528c720 5404   !   3       java.util.zip.ZipCoder$UTF8ZipCoder::compare (81 bytes)
Event: 40.824 Thread 0x000001516528c720 nmethod 5404 0x0000015150e2ac08 code [0x0000015150e2ade0, 0x0000015150e2b988]
Event: 40.824 Thread 0x000001516528bc70 5405       4       jdk.internal.loader.URLClassPath$JarLoader$2::<init> (31 bytes)
Event: 40.825 Thread 0x000001516528c720 5406   !   3       jdk.internal.loader.URLClassPath$JarLoader::checkResource (73 bytes)
Event: 40.825 Thread 0x000001516528c720 nmethod 5406 0x0000015150e2ba08 code [0x0000015150e2bbc0, 0x0000015150e2c4b8]
Event: 40.828 Thread 0x000001516528bc70 nmethod 5405 0x0000015158409008 code [0x0000015158409120, 0x0000015158409590]
Event: 40.847 Thread 0x000001516528bc70 5407       4       java.lang.AbstractStringBuilder::append (45 bytes)
Event: 40.851 Thread 0x000001516528bc70 nmethod 5407 0x0000015158409608 code [0x0000015158409760, 0x0000015158409c50]
Event: 40.875 Thread 0x000001516528c720 5408       1       kotlin.Pair::component1 (5 bytes)
Event: 40.875 Thread 0x000001516528c720 nmethod 5408 0x0000015158409d08 code [0x0000015158409e20, 0x0000015158409ee8]
Event: 40.875 Thread 0x000001516528c720 5409       1       kotlin.Pair::component2 (5 bytes)
Event: 40.875 Thread 0x000001516528c720 nmethod 5409 0x000001515840a008 code [0x000001515840a120, 0x000001515840a1e8]

GC Heap History (20 events):
Event: 15.921 GC heap after
{Heap after GC invocations=4 (full 0):
 garbage-first heap   total reserved 2097152K, committed 120832K, used 21640K [0x0000000080000000, 0x0000000100000000)
  region size 1024K, 7 young (7168K), 7 survivors (7168K)
 Metaspace       used 13215K, committed 13568K, reserved 1114112K
  class space    used 1802K, committed 1984K, reserved 1048576K
}
Event: 31.102 GC heap before
{Heap before GC invocations=4 (full 0):
 garbage-first heap   total reserved 2097152K, committed 120832K, used 62600K [0x0000000080000000, 0x0000000100000000)
  region size 1024K, 47 young (48128K), 7 survivors (7168K)
 Metaspace       used 19080K, committed 19776K, reserved 1114112K
  class space    used 2791K, committed 3136K, reserved 1048576K
}
Event: 31.199 GC heap after
{Heap after GC invocations=5 (full 0):
 garbage-first heap   total reserved 2097152K, committed 120832K, used 24527K [0x0000000080000000, 0x0000000100000000)
  region size 1024K, 3 young (3072K), 3 survivors (3072K)
 Metaspace       used 19080K, committed 19776K, reserved 1114112K
  class space    used 2791K, committed 3136K, reserved 1048576K
}
Event: 32.071 GC heap before
{Heap before GC invocations=5 (full 0):
 garbage-first heap   total reserved 2097152K, committed 120832K, used 38863K [0x0000000080000000, 0x0000000100000000)
  region size 1024K, 18 young (18432K), 3 survivors (3072K)
 Metaspace       used 20770K, committed 21504K, reserved 1114112K
  class space    used 3082K, committed 3456K, reserved 1048576K
}
Event: 32.078 GC heap after
{Heap after GC invocations=6 (full 0):
 garbage-first heap   total reserved 2097152K, committed 120832K, used 25378K [0x0000000080000000, 0x0000000100000000)
  region size 1024K, 4 young (4096K), 4 survivors (4096K)
 Metaspace       used 20770K, committed 21504K, reserved 1114112K
  class space    used 3082K, committed 3456K, reserved 1048576K
}
Event: 33.598 GC heap before
{Heap before GC invocations=7 (full 0):
 garbage-first heap   total reserved 2097152K, committed 86016K, used 72482K [0x0000000080000000, 0x0000000100000000)
  region size 1024K, 50 young (51200K), 4 survivors (4096K)
 Metaspace       used 26502K, committed 27520K, reserved 1114112K
  class space    used 4072K, committed 4544K, reserved 1048576K
}
Event: 33.604 GC heap after
{Heap after GC invocations=8 (full 0):
 garbage-first heap   total reserved 2097152K, committed 86016K, used 27797K [0x0000000080000000, 0x0000000100000000)
  region size 1024K, 7 young (7168K), 7 survivors (7168K)
 Metaspace       used 26502K, committed 27520K, reserved 1114112K
  class space    used 4072K, committed 4544K, reserved 1048576K
}
Event: 34.812 GC heap before
{Heap before GC invocations=8 (full 0):
 garbage-first heap   total reserved 2097152K, committed 86016K, used 67733K [0x0000000080000000, 0x0000000100000000)
  region size 1024K, 47 young (48128K), 7 survivors (7168K)
 Metaspace       used 34116K, committed 35392K, reserved 1114112K
  class space    used 5028K, committed 5632K, reserved 1048576K
}
Event: 34.822 GC heap after
{Heap after GC invocations=9 (full 0):
 garbage-first heap   total reserved 2097152K, committed 86016K, used 31249K [0x0000000080000000, 0x0000000100000000)
  region size 1024K, 6 young (6144K), 6 survivors (6144K)
 Metaspace       used 34116K, committed 35392K, reserved 1114112K
  class space    used 5028K, committed 5632K, reserved 1048576K
}
Event: 35.047 GC heap before
{Heap before GC invocations=9 (full 0):
 garbage-first heap   total reserved 2097152K, committed 86016K, used 53777K [0x0000000080000000, 0x0000000100000000)
  region size 1024K, 29 young (29696K), 6 survivors (6144K)
 Metaspace       used 34706K, committed 35968K, reserved 1114112K
  class space    used 5096K, committed 5696K, reserved 1048576K
}
Event: 35.054 GC heap after
{Heap after GC invocations=10 (full 0):
 garbage-first heap   total reserved 2097152K, committed 86016K, used 34700K [0x0000000080000000, 0x0000000100000000)
  region size 1024K, 3 young (3072K), 3 survivors (3072K)
 Metaspace       used 34706K, committed 35968K, reserved 1114112K
  class space    used 5096K, committed 5696K, reserved 1048576K
}
Event: 35.715 GC heap before
{Heap before GC invocations=11 (full 0):
 garbage-first heap   total reserved 2097152K, committed 86016K, used 69516K [0x0000000080000000, 0x0000000100000000)
  region size 1024K, 37 young (37888K), 3 survivors (3072K)
 Metaspace       used 36237K, committed 37632K, reserved 1114112K
  class space    used 5364K, committed 6016K, reserved 1048576K
}
Event: 35.718 GC heap after
{Heap after GC invocations=12 (full 0):
 garbage-first heap   total reserved 2097152K, committed 86016K, used 35956K [0x0000000080000000, 0x0000000100000000)
  region size 1024K, 4 young (4096K), 4 survivors (4096K)
 Metaspace       used 36237K, committed 37632K, reserved 1114112K
  class space    used 5364K, committed 6016K, reserved 1048576K
}
Event: 36.990 GC heap before
{Heap before GC invocations=12 (full 0):
 garbage-first heap   total reserved 2097152K, committed 86016K, used 72820K [0x0000000080000000, 0x0000000100000000)
  region size 1024K, 39 young (39936K), 4 survivors (4096K)
 Metaspace       used 42719K, committed 44032K, reserved 1114112K
  class space    used 6580K, committed 7168K, reserved 1048576K
}
Event: 37.005 GC heap after
{Heap after GC invocations=13 (full 0):
 garbage-first heap   total reserved 2097152K, committed 86016K, used 37130K [0x0000000080000000, 0x0000000100000000)
  region size 1024K, 4 young (4096K), 4 survivors (4096K)
 Metaspace       used 42719K, committed 44032K, reserved 1114112K
  class space    used 6580K, committed 7168K, reserved 1048576K
}
Event: 37.990 GC heap before
{Heap before GC invocations=13 (full 0):
 garbage-first heap   total reserved 2097152K, committed 86016K, used 72970K [0x0000000080000000, 0x0000000100000000)
  region size 1024K, 39 young (39936K), 4 survivors (4096K)
 Metaspace       used 47800K, committed 49216K, reserved 1114112K
  class space    used 7236K, committed 7936K, reserved 1048576K
}
Event: 37.994 GC heap after
{Heap after GC invocations=14 (full 0):
 garbage-first heap   total reserved 2097152K, committed 103424K, used 38242K [0x0000000080000000, 0x0000000100000000)
  region size 1024K, 3 young (3072K), 3 survivors (3072K)
 Metaspace       used 47800K, committed 49216K, reserved 1114112K
  class space    used 7236K, committed 7936K, reserved 1048576K
}
Event: 39.758 GC heap before
{Heap before GC invocations=14 (full 0):
 garbage-first heap   total reserved 2097152K, committed 103424K, used 94562K [0x0000000080000000, 0x0000000100000000)
  region size 1024K, 51 young (52224K), 3 survivors (3072K)
 Metaspace       used 55403K, committed 56832K, reserved 1114112K
  class space    used 8218K, committed 8896K, reserved 1048576K
}
Event: 39.763 GC heap after
{Heap after GC invocations=15 (full 0):
 garbage-first heap   total reserved 2097152K, committed 103424K, used 39291K [0x0000000080000000, 0x0000000100000000)
  region size 1024K, 4 young (4096K), 4 survivors (4096K)
 Metaspace       used 55403K, committed 56832K, reserved 1114112K
  class space    used 8218K, committed 8896K, reserved 1048576K
}
Event: 40.888 GC heap before
{Heap before GC invocations=15 (full 0):
 garbage-first heap   total reserved 2097152K, committed 103424K, used 97659K [0x0000000080000000, 0x0000000100000000)
  region size 1024K, 53 young (54272K), 4 survivors (4096K)
 Metaspace       used 57147K, committed 58560K, reserved 1114112K
  class space    used 8411K, committed 9088K, reserved 1048576K
}

Dll operation events (15 events):
Event: 0.056 Loaded shared library C:\Program Files\Java\jdk-23\bin\java.dll
Event: 0.677 Loaded shared library C:\Program Files\Java\jdk-23\bin\jsvml.dll
Event: 0.744 Loaded shared library C:\Program Files\Java\jdk-23\bin\zip.dll
Event: 0.758 Loaded shared library C:\Program Files\Java\jdk-23\bin\instrument.dll
Event: 0.772 Loaded shared library C:\Program Files\Java\jdk-23\bin\net.dll
Event: 0.782 Loaded shared library C:\Program Files\Java\jdk-23\bin\nio.dll
Event: 0.787 Loaded shared library C:\Program Files\Java\jdk-23\bin\zip.dll
Event: 1.356 Loaded shared library C:\Program Files\Java\jdk-23\bin\jimage.dll
Event: 2.042 Loaded shared library C:\Program Files\Java\jdk-23\bin\verify.dll
Event: 2.612 Loaded shared library C:\Users\admin\.gradle\native\c067742578af261105cb4f569cf0c3c89f3d7b1fecec35dd04571415982c5e48\windows-amd64\native-platform.dll
Event: 2.665 Loaded shared library C:\Users\admin\.gradle\native\100fb08df4bc3b14c8652ba06237920a3bd2aa13389f12d3474272988ae205f9\windows-amd64\native-platform-file-events.dll
Event: 7.903 Loaded shared library C:\Program Files\Java\jdk-23\bin\management.dll
Event: 7.952 Loaded shared library C:\Program Files\Java\jdk-23\bin\management_ext.dll
Event: 10.431 Loaded shared library C:\Program Files\Java\jdk-23\bin\extnet.dll
Event: 11.987 Loaded shared library C:\Program Files\Java\jdk-23\bin\sunmscapi.dll

Deoptimization events (20 events):
Event: 40.656 Thread 0x0000015165d0be30 Uncommon trap: trap_request=0xffffff45 fr.pc=0x00000151582c8d18 relative=0x00000000000001f8
Event: 40.656 Thread 0x0000015165d0be30 Uncommon trap: reason=unstable_if action=reinterpret pc=0x00000151582c8d18 method=java.lang.String.startsWith(Ljava/lang/String;I)Z @ 50 c2
Event: 40.656 Thread 0x0000015165d0be30 DEOPT PACKING pc=0x00000151582c8d18 sp=0x000000334e6f04c0
Event: 40.657 Thread 0x0000015165d0be30 DEOPT UNPACKING pc=0x0000015157ca4402 sp=0x000000334e6f0460 mode 2
Event: 40.657 Thread 0x0000015165d0be30 Uncommon trap: trap_request=0xffffff45 fr.pc=0x000001515835b148 relative=0x0000000000000388
Event: 40.657 Thread 0x0000015165d0be30 Uncommon trap: reason=unstable_if action=reinterpret pc=0x000001515835b148 method=java.lang.String.getBytesNoRepl1(Ljava/lang/String;Ljava/nio/charset/Charset;)[B @ 18 c2
Event: 40.657 Thread 0x0000015165d0be30 DEOPT PACKING pc=0x000001515835b148 sp=0x000000334e6f0510
Event: 40.657 Thread 0x0000015165d0be30 DEOPT UNPACKING pc=0x0000015157ca4402 sp=0x000000334e6f0370 mode 2
Event: 40.657 Thread 0x0000015165d0be30 Uncommon trap: trap_request=0xffffff45 fr.pc=0x0000015158273514 relative=0x0000000000000234
Event: 40.657 Thread 0x0000015165d0be30 Uncommon trap: reason=unstable_if action=reinterpret pc=0x0000015158273514 method=sun.net.www.ParseUtil.firstEncodeIndex(Ljava/lang/String;)I @ 27 c2
Event: 40.657 Thread 0x0000015165d0be30 DEOPT PACKING pc=0x0000015158273514 sp=0x000000334e6f0630
Event: 40.657 Thread 0x0000015165d0be30 DEOPT UNPACKING pc=0x0000015157ca4402 sp=0x000000334e6f0520 mode 2
Event: 40.657 Thread 0x0000015165d0be30 Uncommon trap: trap_request=0xffffff45 fr.pc=0x000001515826382c relative=0x0000000000000bac
Event: 40.657 Thread 0x0000015165d0be30 Uncommon trap: reason=unstable_if action=reinterpret pc=0x000001515826382c method=java.lang.String.indexOf(I)I @ 4 c2
Event: 40.657 Thread 0x0000015165d0be30 DEOPT PACKING pc=0x000001515826382c sp=0x000000334e6f0540
Event: 40.657 Thread 0x0000015165d0be30 DEOPT UNPACKING pc=0x0000015157ca4402 sp=0x000000334e6f0370 mode 2
Event: 40.658 Thread 0x0000015165d0be30 Uncommon trap: trap_request=0xffffff45 fr.pc=0x00000151582b2598 relative=0x00000000000013b8
Event: 40.658 Thread 0x0000015165d0be30 Uncommon trap: reason=unstable_if action=reinterpret pc=0x00000151582b2598 method=java.lang.String.lastIndexOf(II)I @ 4 c2
Event: 40.658 Thread 0x0000015165d0be30 DEOPT PACKING pc=0x00000151582b2598 sp=0x000000334e6f0410
Event: 40.658 Thread 0x0000015165d0be30 DEOPT UNPACKING pc=0x0000015157ca4402 sp=0x000000334e6f02c8 mode 2

Classes loaded (20 events):
Event: 39.747 Loading class jdk/internal/access/foreign/UnmapperProxy
Event: 39.750 Loading class jdk/internal/access/foreign/UnmapperProxy done
Event: 39.750 Loading class sun/nio/ch/FileChannelImpl$Unmapper done
Event: 39.750 Loading class sun/nio/ch/FileChannelImpl$DefaultUnmapper done
Event: 39.750 Loading class sun/nio/ch/Util$4
Event: 39.752 Loading class sun/nio/ch/Util$4 done
Event: 39.752 Loading class java/lang/foreign/MemorySegment
Event: 39.756 Loading class java/lang/foreign/MemorySegment done
Event: 39.756 Loading class sun/invoke/util/ValueConversions$1
Event: 39.757 Loading class sun/invoke/util/ValueConversions$1 done
Event: 39.757 Loading class java/lang/invoke/BoundMethodHandle$Species_LI
Event: 39.757 Loading class java/lang/invoke/BoundMethodHandle$Species_LI done
Event: 39.769 Loading class java/io/UTFDataFormatException
Event: 39.771 Loading class java/io/UTFDataFormatException done
Event: 40.212 Loading class java/util/zip/ZipFile$ZipEntryIterator
Event: 40.214 Loading class java/util/zip/ZipFile$ZipEntryIterator done
Event: 40.596 Loading class java/nio/channels/Channels$ReadableByteChannelImpl
Event: 40.599 Loading class java/nio/channels/Channels$ReadableByteChannelImpl done
Event: 40.599 Loading class java/nio/channels/NonWritableChannelException
Event: 40.604 Loading class java/nio/channels/NonWritableChannelException done

Classes unloaded (0 events):
No events

Classes redefined (0 events):
No events

Internal exceptions (20 events):
Event: 37.888 Thread 0x0000015165d0be30 Exception <a 'java/lang/NoSuchMethodError'{0x00000000835c7a00}: 'long java.lang.invoke.DirectMethodHandle$Holder.invokeStaticInit(java.lang.Object)'> (0x00000000835c7a00) 
thrown [s\open\src\hotspot\share\interpreter\linkResolver.cpp, line 796]
Event: 37.982 Thread 0x0000015165d0be30 Exception <a 'java/lang/NoSuchMethodError'{0x00000000831acad8}: 'void java.lang.invoke.DirectMethodHandle$Holder.invokeStaticInit(java.lang.Object)'> (0x00000000831acad8) 
thrown [s\open\src\hotspot\share\interpreter\linkResolver.cpp, line 796]
Event: 38.001 Thread 0x0000015165d0be30 Exception <a 'java/lang/NoSuchMethodError'{0x000000008752b618}: 'void java.lang.invoke.DelegatingMethodHandle$Holder.reinvoke_L(java.lang.Object, java.lang.Object, java.lang.Object, long, java.lang.Object)'> (0x000000008752b618) 
thrown [s\open\src\hotspot\share\interpreter\linkResolver.cpp, line 796]
Event: 38.002 Thread 0x0000015165d0be30 Exception <a 'java/lang/NoSuchMethodError'{0x000000008753aa68}: 'void java.lang.invoke.DelegatingMethodHandle$Holder.reinvoke_L(java.lang.Object, java.lang.Object, java.lang.Object, long, long)'> (0x000000008753aa68) 
thrown [s\open\src\hotspot\share\interpreter\linkResolver.cpp, line 796]
Event: 38.002 Thread 0x0000015165d0be30 Exception <a 'java/lang/NoSuchMethodError'{0x0000000087543058}: 'java.lang.Object java.lang.invoke.DirectMethodHandle$Holder.invokeSpecial(java.lang.Object, java.lang.Object, java.lang.Object, java.lang.Object, long)'> (0x0000000087543058) 
thrown [s\open\src\hotspot\share\interpreter\linkResolver.cpp, line 796]
Event: 38.003 Thread 0x0000015165d0be30 Exception <a 'java/lang/NoSuchMethodError'{0x0000000087553160}: 'int java.lang.invoke.DelegatingMethodHandle$Holder.reinvoke_L(java.lang.Object, java.lang.Object, java.lang.Object, long, java.lang.Object, java.lang.Object)'> (0x0000000087553160) 
thrown [s\open\src\hotspot\share\interpreter\linkResolver.cpp, line 796]
Event: 38.004 Thread 0x0000015165d0be30 Exception <a 'java/lang/NoSuchMethodError'{0x0000000087562b20}: 'int java.lang.invoke.DelegatingMethodHandle$Holder.reinvoke_L(java.lang.Object, java.lang.Object, java.lang.Object, long, int, int)'> (0x0000000087562b20) 
thrown [s\open\src\hotspot\share\interpreter\linkResolver.cpp, line 796]
Event: 38.004 Thread 0x0000015165d0be30 Exception <a 'java/lang/NoSuchMethodError'{0x0000000087572290}: 'int java.lang.invoke.DelegatingMethodHandle$Holder.reinvoke_L(java.lang.Object, java.lang.Object, java.lang.Object, long, long, long)'> (0x0000000087572290) 
thrown [s\open\src\hotspot\share\interpreter\linkResolver.cpp, line 796]
Event: 38.005 Thread 0x0000015165d0be30 Exception <a 'java/lang/NoSuchMethodError'{0x00000000875850c8}: 'int java.lang.invoke.DelegatingMethodHandle$Holder.reinvoke_L(java.lang.Object, java.lang.Object, java.lang.Object, long, int)'> (0x00000000875850c8) 
thrown [s\open\src\hotspot\share\interpreter\linkResolver.cpp, line 796]
Event: 38.005 Thread 0x0000015165d0be30 Exception <a 'java/lang/NoSuchMethodError'{0x0000000087597900}: 'long java.lang.invoke.DelegatingMethodHandle$Holder.reinvoke_L(java.lang.Object, java.lang.Object, java.lang.Object, long)'> (0x0000000087597900) 
thrown [s\open\src\hotspot\share\interpreter\linkResolver.cpp, line 796]
Event: 38.006 Thread 0x0000015165d0be30 Exception <a 'java/lang/NoSuchMethodError'{0x00000000875ab5b0}: 'void java.lang.invoke.DelegatingMethodHandle$Holder.reinvoke_L(java.lang.Object, java.lang.Object, java.lang.Object, long, java.lang.Object, long, long)'> (0x00000000875ab5b0) 
thrown [s\open\src\hotspot\share\interpreter\linkResolver.cpp, line 796]
Event: 38.007 Thread 0x0000015165d0be30 Exception <a 'java/lang/NoSuchMethodError'{0x00000000875b3940}: 'long java.lang.invoke.Invokers$Holder.invokeExact_MT(java.lang.Object, java.lang.Object, java.lang.Object)'> (0x00000000875b3940) 
thrown [s\open\src\hotspot\share\interpreter\linkResolver.cpp, line 796]
Event: 38.007 Thread 0x0000015165d0be30 Exception <a 'java/lang/NoSuchMethodError'{0x00000000875b87a0}: 'int java.lang.invoke.Invokers$Holder.invokeExact_MT(java.lang.Object, java.lang.Object, java.lang.Object)'> (0x00000000875b87a0) 
thrown [s\open\src\hotspot\share\interpreter\linkResolver.cpp, line 796]
Event: 39.662 Thread 0x0000015165d0be30 Exception <a 'java/lang/NoSuchMethodError'{0x00000000837c7db0}: 'java.lang.Object java.lang.invoke.Invokers$Holder.invokeExact_MT(java.lang.Object, java.lang.Object, long, java.lang.Object)'> (0x00000000837c7db0) 
thrown [s\open\src\hotspot\share\interpreter\linkResolver.cpp, line 796]
Event: 39.756 Thread 0x0000015165d0be30 Implicit null exception at 0x00000151582fdcdf to 0x00000151582fdf68
Event: 39.764 Thread 0x0000015165d0be30 Exception <a 'java/lang/NoSuchMethodError'{0x00000000875094b8}: 'java.lang.Object java.lang.invoke.DirectMethodHandle$Holder.invokeStatic(java.lang.Object, java.lang.Object, java.lang.Object, java.lang.Object, int)'> (0x00000000875094b8) 
thrown [s\open\src\hotspot\share\interpreter\linkResolver.cpp, line 796]
Event: 39.765 Thread 0x0000015165d0be30 Exception <a 'java/lang/NoSuchMethodError'{0x0000000087512460}: 'long java.lang.invoke.DirectMethodHandle$Holder.invokeStatic(java.lang.Object, java.lang.Object, int)'> (0x0000000087512460) 
thrown [s\open\src\hotspot\share\interpreter\linkResolver.cpp, line 796]
Event: 39.765 Thread 0x0000015165d0be30 Exception <a 'java/lang/NoSuchMethodError'{0x000000008751f040}: 'java.lang.Object java.lang.invoke.DelegatingMethodHandle$Holder.reinvoke_L(java.lang.Object, int, long, java.lang.Object, java.lang.Object, int, java.lang.Object)'> (0x000000008751f040) 
thrown [s\open\src\hotspot\share\interpreter\linkResolver.cpp, line 796]
Event: 40.214 Thread 0x0000015165d0be30 Implicit null exception at 0x000001515835bf5c to 0x000001515835cac8
Event: 40.532 Thread 0x0000015165d0be30 Implicit null exception at 0x00000151583ef1d3 to 0x00000151583f1320

VM Operations (20 events):
Event: 35.533 Executing VM operation: HandshakeAllThreads (Deoptimize) done
Event: 35.715 Executing VM operation: G1CollectForAllocation (G1 Evacuation Pause)
Event: 35.718 Executing VM operation: G1CollectForAllocation (G1 Evacuation Pause) done
Event: 35.898 Executing VM operation: HandshakeAllThreads (Deoptimize)
Event: 35.898 Executing VM operation: HandshakeAllThreads (Deoptimize) done
Event: 35.914 Executing VM operation: HandshakeAllThreads (Deoptimize)
Event: 35.914 Executing VM operation: HandshakeAllThreads (Deoptimize) done
Event: 36.989 Executing VM operation: G1CollectForAllocation (G1 Evacuation Pause)
Event: 37.005 Executing VM operation: G1CollectForAllocation (G1 Evacuation Pause) done
Event: 37.990 Executing VM operation: G1CollectForAllocation (G1 Evacuation Pause)
Event: 37.994 Executing VM operation: G1CollectForAllocation (G1 Evacuation Pause) done
Event: 38.114 Executing VM operation: HandshakeAllThreads (Deoptimize)
Event: 38.114 Executing VM operation: HandshakeAllThreads (Deoptimize) done
Event: 38.119 Executing VM operation: HandshakeAllThreads (Deoptimize)
Event: 38.119 Executing VM operation: HandshakeAllThreads (Deoptimize) done
Event: 39.471 Executing VM operation: HandshakeAllThreads (Deoptimize)
Event: 39.471 Executing VM operation: HandshakeAllThreads (Deoptimize) done
Event: 39.758 Executing VM operation: G1CollectForAllocation (G1 Evacuation Pause)
Event: 39.763 Executing VM operation: G1CollectForAllocation (G1 Evacuation Pause) done
Event: 40.887 Executing VM operation: G1CollectForAllocation (G1 Evacuation Pause)

Memory protections (0 events):
No events

Nmethod flushes (20 events):
Event: 35.076 Thread 0x00000151652636f0 flushing  nmethod 0x00000151507a0788
Event: 35.076 Thread 0x00000151652636f0 flushing  nmethod 0x00000151507db408
Event: 35.076 Thread 0x00000151652636f0 flushing  nmethod 0x00000151507df308
Event: 35.076 Thread 0x00000151652636f0 flushing  nmethod 0x00000151507df708
Event: 35.076 Thread 0x00000151652636f0 flushing  nmethod 0x00000151507e1e08
Event: 35.076 Thread 0x00000151652636f0 flushing  nmethod 0x00000151507e6508
Event: 35.076 Thread 0x00000151652636f0 flushing  nmethod 0x00000151508f5108
Event: 35.076 Thread 0x00000151652636f0 flushing  nmethod 0x00000151508f5688
Event: 35.076 Thread 0x00000151652636f0 flushing  nmethod 0x00000151508f5e88
Event: 35.076 Thread 0x00000151652636f0 flushing  nmethod 0x00000151508f8688
Event: 35.076 Thread 0x00000151652636f0 flushing  nmethod 0x00000151508f9108
Event: 35.076 Thread 0x00000151652636f0 flushing  nmethod 0x0000015150923c08
Event: 35.076 Thread 0x00000151652636f0 flushing  nmethod 0x0000015150929988
Event: 35.076 Thread 0x00000151652636f0 flushing  nmethod 0x000001515092ac08
Event: 35.076 Thread 0x00000151652636f0 flushing  nmethod 0x00000151509aaf08
Event: 35.076 Thread 0x00000151652636f0 flushing  nmethod 0x00000151509acf88
Event: 35.076 Thread 0x00000151652636f0 flushing  nmethod 0x00000151509aec88
Event: 35.076 Thread 0x00000151652636f0 flushing  nmethod 0x0000015150a45a08
Event: 35.076 Thread 0x00000151652636f0 flushing  nmethod 0x0000015150a47408
Event: 35.076 Thread 0x00000151652636f0 flushing  nmethod 0x0000015150a47b08

Events (20 events):
Event: 11.163 Thread 0x0000015147fe0750 Thread added: 0x0000015165d3a250
Event: 11.763 Thread 0x0000015147fe0750 Thread added: 0x00000151452fd910
Event: 12.281 Thread 0x0000015165d3a250 Thread added: 0x0000015165f3dfe0
Event: 12.400 Thread 0x0000015165f3dfe0 Thread added: 0x0000015165edf400
Event: 13.590 Thread 0x0000015165f3dfe0 Thread added: 0x0000015165d06a60
Event: 14.746 Thread 0x0000015165f3dfe0 Thread added: 0x0000015165d0be30
Event: 14.819 Thread 0x0000015165d0be30 Thread added: 0x0000015165d0cb50
Event: 14.838 Thread 0x0000015165d0be30 Thread added: 0x0000015165d0d1e0
Event: 14.846 Thread 0x0000015165d0be30 Thread added: 0x0000015165d0c4c0
Event: 18.292 Thread 0x0000015165d0be30 Thread added: 0x0000015165d0e590
Event: 18.406 Thread 0x0000015165d0be30 Thread added: 0x0000015165d0b7a0
Event: 26.247 Thread 0x0000015165d0be30 Thread added: 0x0000015165d0ec20
Event: 31.507 Thread 0x0000015165d0be30 Thread added: 0x000001516752f780
Event: 32.253 Thread 0x0000015165d0be30 Thread added: 0x000001516752d020
Event: 32.285 Thread 0x0000015165d0be30 Thread added: 0x00000151675287f0
Event: 32.889 Thread 0x0000015165d0be30 Thread added: 0x000001516752d6b0
Event: 32.910 Thread 0x0000015165d0be30 Thread added: 0x000001516752c300
Event: 33.377 Thread 0x0000015165d0be30 Thread added: 0x000001516752f0f0
Event: 33.677 Thread 0x0000015165d0be30 Thread added: 0x000001516752dd40
Event: 33.865 Thread 0x0000015165d0be30 Thread added: 0x000001516752fe10


Dynamic libraries:
0x00007ff7d89f0000 - 0x00007ff7d8a00000 	C:\Program Files\Java\jdk-23\bin\java.exe
0x00007ffdabf50000 - 0x00007ffdac167000 	C:\WINDOWS\SYSTEM32\ntdll.dll
0x00007ffda9bf0000 - 0x00007ffda9cb4000 	C:\WINDOWS\System32\KERNEL32.DLL
0x00007ffda90d0000 - 0x00007ffda94a3000 	C:\WINDOWS\System32\KERNELBASE.dll
0x00007ffda9730000 - 0x00007ffda9841000 	C:\WINDOWS\System32\ucrtbase.dll
0x00007ffd7dd70000 - 0x00007ffd7dd87000 	C:\Program Files\Java\jdk-23\bin\jli.dll
0x00007ffdab350000 - 0x00007ffdab501000 	C:\WINDOWS\System32\USER32.dll
0x00007ffd8c0b0000 - 0x00007ffd8c34b000 	C:\WINDOWS\WinSxS\amd64_microsoft.windows.common-controls_6595b64144ccf1df_6.0.22621.5262_none_2712bde373830908\COMCTL32.dll
0x00007ffda9850000 - 0x00007ffda9876000 	C:\WINDOWS\System32\win32u.dll
0x00007ffdaa290000 - 0x00007ffdaa2b9000 	C:\WINDOWS\System32\GDI32.dll
0x00007ffda94e0000 - 0x00007ffda9602000 	C:\WINDOWS\System32\gdi32full.dll
0x00007ffd7d5c0000 - 0x00007ffd7d5db000 	C:\Program Files\Java\jdk-23\bin\VCRUNTIME140.dll
0x00007ffda9690000 - 0x00007ffda972a000 	C:\WINDOWS\System32\msvcp_win.dll
0x00007ffdab220000 - 0x00007ffdab2c7000 	C:\WINDOWS\System32\msvcrt.dll
0x00007ffdab1d0000 - 0x00007ffdab201000 	C:\WINDOWS\System32\IMM32.DLL
0x00007ffd8ba10000 - 0x00007ffd8ba1c000 	C:\Program Files\Java\jdk-23\bin\vcruntime140_1.dll
0x00007ffd04df0000 - 0x00007ffd04e7e000 	C:\Program Files\Java\jdk-23\bin\msvcp140.dll
0x00007ffcdd350000 - 0x00007ffcde0a0000 	C:\Program Files\Java\jdk-23\bin\server\jvm.dll
0x00007ffdaaf00000 - 0x00007ffdaafb1000 	C:\WINDOWS\System32\ADVAPI32.dll
0x00007ffdab620000 - 0x00007ffdab6c7000 	C:\WINDOWS\System32\sechost.dll
0x00007ffda94b0000 - 0x00007ffda94d8000 	C:\WINDOWS\System32\bcrypt.dll
0x00007ffdab6d0000 - 0x00007ffdab7e4000 	C:\WINDOWS\System32\RPCRT4.dll
0x00007ffdab530000 - 0x00007ffdab5a1000 	C:\WINDOWS\System32\WS2_32.dll
0x00007ffda8960000 - 0x00007ffda89ad000 	C:\WINDOWS\SYSTEM32\POWRPROF.dll
0x00007ffda4e70000 - 0x00007ffda4e7a000 	C:\WINDOWS\SYSTEM32\VERSION.dll
0x00007ffda2ed0000 - 0x00007ffda2f04000 	C:\WINDOWS\SYSTEM32\WINMM.dll
0x00007ffda88e0000 - 0x00007ffda88f3000 	C:\WINDOWS\SYSTEM32\UMPDC.dll
0x00007ffda8090000 - 0x00007ffda80a8000 	C:\WINDOWS\SYSTEM32\kernel.appcore.dll
0x00007ffd8b590000 - 0x00007ffd8b59a000 	C:\Program Files\Java\jdk-23\bin\jimage.dll
0x00007ffda6680000 - 0x00007ffda68b2000 	C:\WINDOWS\SYSTEM32\DBGHELP.DLL
0x00007ffda9d90000 - 0x00007ffdaa123000 	C:\WINDOWS\System32\combase.dll
0x00007ffdab7f0000 - 0x00007ffdab8c7000 	C:\WINDOWS\System32\OLEAUT32.dll
0x00007ffd89660000 - 0x00007ffd89692000 	C:\WINDOWS\SYSTEM32\dbgcore.DLL
0x00007ffda9050000 - 0x00007ffda90cb000 	C:\WINDOWS\System32\bcryptPrimitives.dll
0x00007ffd854b0000 - 0x00007ffd854bf000 	C:\Program Files\Java\jdk-23\bin\instrument.dll
0x00007ffd7cd50000 - 0x00007ffd7cd6e000 	C:\Program Files\Java\jdk-23\bin\java.dll
0x00007ffdaad50000 - 0x00007ffdaaef1000 	C:\WINDOWS\System32\ole32.dll
0x00007ffdaa370000 - 0x00007ffdaac0d000 	C:\WINDOWS\System32\SHELL32.dll
0x00007ffda9880000 - 0x00007ffda99bf000 	C:\WINDOWS\System32\wintypes.dll
0x00007ffda6f50000 - 0x00007ffda786d000 	C:\WINDOWS\SYSTEM32\windows.storage.dll
0x00007ffdaac20000 - 0x00007ffdaad2b000 	C:\WINDOWS\System32\SHCORE.dll
0x00007ffdab5b0000 - 0x00007ffdab616000 	C:\WINDOWS\System32\shlwapi.dll
0x00007ffda8f80000 - 0x00007ffda8fab000 	C:\WINDOWS\SYSTEM32\profapi.dll
0x00007ffcfef30000 - 0x00007ffcff007000 	C:\Program Files\Java\jdk-23\bin\jsvml.dll
0x00007ffd74ba0000 - 0x00007ffd74bb7000 	C:\Program Files\Java\jdk-23\bin\zip.dll
0x00007ffd87810000 - 0x00007ffd87820000 	C:\Program Files\Java\jdk-23\bin\net.dll
0x00007ffda8510000 - 0x00007ffda857a000 	C:\WINDOWS\system32\mswsock.dll
0x00007ffd7c680000 - 0x00007ffd7c696000 	C:\Program Files\Java\jdk-23\bin\nio.dll
0x00007ffd86e10000 - 0x00007ffd86e20000 	C:\Program Files\Java\jdk-23\bin\verify.dll
0x00007ffda4a70000 - 0x00007ffda4a97000 	C:\Users\admin\.gradle\native\c067742578af261105cb4f569cf0c3c89f3d7b1fecec35dd04571415982c5e48\windows-amd64\native-platform.dll
0x00007ffd7c020000 - 0x00007ffd7c164000 	C:\Users\admin\.gradle\native\100fb08df4bc3b14c8652ba06237920a3bd2aa13389f12d3474272988ae205f9\windows-amd64\native-platform-file-events.dll
0x00007ffd85a40000 - 0x00007ffd85a4a000 	C:\Program Files\Java\jdk-23\bin\management.dll
0x00007ffd858b0000 - 0x00007ffd858bb000 	C:\Program Files\Java\jdk-23\bin\management_ext.dll
0x00007ffdabdf0000 - 0x00007ffdabdf8000 	C:\WINDOWS\System32\PSAPI.DLL
0x00007ffda8760000 - 0x00007ffda877b000 	C:\WINDOWS\SYSTEM32\CRYPTSP.dll
0x00007ffda7ff0000 - 0x00007ffda8027000 	C:\WINDOWS\system32\rsaenh.dll
0x00007ffda8600000 - 0x00007ffda8628000 	C:\WINDOWS\SYSTEM32\USERENV.dll
0x00007ffda8780000 - 0x00007ffda878c000 	C:\WINDOWS\SYSTEM32\CRYPTBASE.dll
0x00007ffda7b20000 - 0x00007ffda7b4d000 	C:\WINDOWS\SYSTEM32\IPHLPAPI.DLL
0x00007ffdab210000 - 0x00007ffdab219000 	C:\WINDOWS\System32\NSI.dll
0x00007ffd85530000 - 0x00007ffd85539000 	C:\Program Files\Java\jdk-23\bin\extnet.dll
0x00007ffd8e8c0000 - 0x00007ffd8e8ce000 	C:\Program Files\Java\jdk-23\bin\sunmscapi.dll
0x00007ffda99c0000 - 0x00007ffda9b27000 	C:\WINDOWS\System32\CRYPT32.dll
0x00007ffda89f0000 - 0x00007ffda8a1d000 	C:\WINDOWS\SYSTEM32\ncrypt.dll
0x00007ffda89b0000 - 0x00007ffda89e7000 	C:\WINDOWS\SYSTEM32\NTASN1.dll
0x00007ffd22fb0000 - 0x00007ffd22fb8000 	C:\WINDOWS\system32\wshunix.dll

dbghelp: loaded successfully - version: 4.0.5 - missing functions: none
symbol engine: initialized successfully - sym options: 0x614 - pdb path: .;C:\Program Files\Java\jdk-23\bin;C:\WINDOWS\SYSTEM32;C:\WINDOWS\WinSxS\amd64_microsoft.windows.common-controls_6595b64144ccf1df_6.0.22621.5262_none_2712bde373830908;C:\Program Files\Java\jdk-23\bin\server;C:\Users\admin\.gradle\native\c067742578af261105cb4f569cf0c3c89f3d7b1fecec35dd04571415982c5e48\windows-amd64;C:\Users\admin\.gradle\native\100fb08df4bc3b14c8652ba06237920a3bd2aa13389f12d3474272988ae205f9\windows-amd64

VM Arguments:
jvm_args: --add-opens=java.base/java.lang=ALL-UNNAMED --add-opens=java.base/java.lang.invoke=ALL-UNNAMED --add-opens=java.base/java.util=ALL-UNNAMED --add-opens=java.prefs/java.util.prefs=ALL-UNNAMED --add-exports=jdk.compiler/com.sun.tools.javac.api=ALL-UNNAMED --add-exports=jdk.compiler/com.sun.tools.javac.util=ALL-UNNAMED --add-opens=java.base/java.util=ALL-UNNAMED --add-opens=java.prefs/java.util.prefs=ALL-UNNAMED --add-opens=java.base/java.nio.charset=ALL-UNNAMED --add-opens=java.base/java.net=ALL-UNNAMED --add-opens=java.base/java.util.concurrent.atomic=ALL-UNNAMED --add-opens=java.xml/javax.xml.namespace=ALL-UNNAMED -Xmx2048m -Dfile.encoding=UTF-8 -Duser.country=ZA -Duser.language=en -Duser.variant -javaagent:C:\Users\admin\.gradle\wrapper\dists\gradle-8.11.1-bin\bpt9gzteqjrbo1mjrsomdt32c\gradle-8.11.1\lib\agents\gradle-instrumentation-agent-8.11.1.jar 
java_command: org.gradle.launcher.daemon.bootstrap.GradleDaemon 8.11.1
java_class_path (initial): C:\Users\admin\.gradle\wrapper\dists\gradle-8.11.1-bin\bpt9gzteqjrbo1mjrsomdt32c\gradle-8.11.1\lib\gradle-daemon-main-8.11.1.jar
Launcher Type: SUN_STANDARD

[Global flags]
     intx CICompilerCount                          = 4                                         {product} {ergonomic}
     uint ConcGCThreads                            = 3                                         {product} {ergonomic}
     uint G1ConcRefinementThreads                  = 10                                        {product} {ergonomic}
   size_t G1HeapRegionSize                         = 1048576                                   {product} {ergonomic}
   size_t InitialHeapSize                          = 123731968                                 {product} {ergonomic}
   size_t MarkStackSize                            = 4194304                                   {product} {ergonomic}
   size_t MarkStackSizeMax                         = 536870912                                 {product} {ergonomic}
   size_t MaxHeapSize                              = 2147483648                                {product} {command line}
   size_t MaxNewSize                               = 1287651328                                {product} {ergonomic}
   size_t MinHeapDeltaBytes                        = 1048576                                   {product} {ergonomic}
   size_t MinHeapSize                              = 8388608                                   {product} {ergonomic}
    uintx NonNMethodCodeHeapSize                   = 5832704                                {pd product} {ergonomic}
    uintx NonProfiledCodeHeapSize                  = 122945536                              {pd product} {ergonomic}
    uintx ProfiledCodeHeapSize                     = 122880000                              {pd product} {ergonomic}
    uintx ReservedCodeCacheSize                    = 251658240                              {pd product} {ergonomic}
     bool SegmentedCodeCache                       = true                                      {product} {ergonomic}
   size_t SoftMaxHeapSize                          = 2147483648                             {manageable} {ergonomic}
     bool UseCompressedOops                        = true                           {product lp64_product} {ergonomic}
     bool UseG1GC                                  = true                                      {product} {ergonomic}
     bool UseLargePagesIndividualAllocation        = false                                  {pd product} {ergonomic}

Logging:
Log output configuration:
 #0: stdout all=warning uptime,level,tags foldmultilines=false
 #1: stderr all=off uptime,level,tags foldmultilines=false

Environment Variables:
CLASSPATH=C:\Users\admin\AndroidStudioProjects\FINE DINE WORKING\\gradle\wrapper\gradle-wrapper.jar
PATH=c:\Users\admin\AppData\Local\Programs\cursor\resources\app\bin;C:\Python313\Scripts\;C:\Python313\;C:\Program Files\Common Files\Oracle\Java\javapath;C:\Program Files (x86)\Common Files\Oracle\Java\java8path;C:\Program Files (x86)\Common Files\Oracle\Java\javapath;C:\WINDOWS\system32;C:\WINDOWS;C:\WINDOWS\System32\Wbem;C:\WINDOWS\System32\WindowsPowerShell\v1.0\;C:\WINDOWS\System32\OpenSSH\;C:\Program Files\Microsoft SQL Server\150\Tools\Binn\;C:\ProgramData\chocolatey\bin;C:\Program Files\nodejs\;C:\Program Files\MATLAB\R2024b\bin;C:\Program Files\Git\cmd;C:\Program Files\MySQL\MySQL Shell 8.4\bin\;C:\Program Files\MySQL\MySQL Shell 8.0\bin\;C:\Users\admin\AppData\Local\Microsoft\WindowsApps;C:\Users\admin\.dotnet\tools;C:\Users\admin\AppData\Local\Microsoft\WinGet\Links;C:\Users\admin\AppData\Roaming\npm;C:\Program Files\JetBrains\IntelliJ IDEA 2024.3.3\bin;;C:\Users\admin\AppData\Local\Programs\cursor\resources\app\bin;c:\Users\admin\AppData\Local\Programs\cursor\resources\app\bin;C:\Program Files\MySQL\MySQL Shell 8.4\bin\;C:\Program Files\MySQL\MySQL Shell 8.0\bin\;C:\Users\admin\AppData\Local\Microsoft\WindowsApps;C:\Users\admin\.dotnet\tools;C:\Users\admin\AppData\Local\Programs\Microsoft VS Code\bin;C:\Users\admin\AppData\Local\Microsoft\WinGet\Links;C:\Users\admin\AppData\Roaming\npm;C:\Program Files\JetBrains\IntelliJ IDEA 2024.3.3\bin;;C:\Users\admin\AppData\Local\Programs\cursor\resources\app\bin;C:\Users\admin\AppData\Local\GitHubDesktop\bin
USERNAME=admin
OS=Windows_NT
PROCESSOR_IDENTIFIER=AMD64 Family 25 Model 80 Stepping 0, AuthenticAMD
TMP=C:\Users\admin\AppData\Local\Temp
TEMP=C:\Users\admin\AppData\Local\Temp




Periodic native trim disabled

---------------  S Y S T E M  ---------------

OS:
 Windows 11 , 64 bit Build 22621 (10.0.22621.5262)
OS uptime: 2 days 18:09 hours
Hyper-V role detected

CPU: total 12 (initial active 12) (12 cores per cpu, 2 threads per core) family 25 model 80 stepping 0 microcode 0x0, cx8, cmov, fxsr, ht, mmx, 3dnowpref, sse, sse2, sse3, ssse3, sse4a, sse4.1, sse4.2, popcnt, lzcnt, tsc, tscinvbit, avx, avx2, aes, erms, clmul, bmi1, bmi2, adx, sha, fma, vzeroupper, clflush, clflushopt, hv, rdtscp, rdpid, fsrm, f16c, cet_ss
Processor Information for the first 12 processors :
  Max Mhz: 2000, Current Mhz: 2000, Mhz Limit: 2000

Memory: 4k page, system-wide physical 7489M (30M free)
TotalPageFile size 30017M (AvailPageFile size 2M)
current process WorkingSet (physical memory assigned to process): 6M, peak: 159M
current process commit charge ("private bytes"): 331M, peak: 332M

vm_info: Java HotSpot(TM) 64-Bit Server VM (23.0.2+7-58) for windows-amd64 JRE (23.0.2+7-58), built on 2024-11-29T09:34:55Z with MS VC++ 17.6 (VS2022)

END.
